<?xml version="1.0" encoding="UTF-8"?>
<!-- Generated by org.testng.reporters.JUnitReportReporter -->
<testsuite skipped="0" hostname="NODE1091" name="TestNG.Demo" tests="1" failures="0" timestamp="17 Dec 2018 09:16:56 GMT" time="11.048" errors="0">
  <testcase name="testNoParameter" time="11.048" classname="TestNG.Demo"/>
</testsuite> <!-- TestNG.Demo -->
